0 info it worked if it ends with ok
1 verbose cli [ '/usr/local/bin/node', '/usr/local/bin/npm', 'run', 'debug' ]
2 info using npm@3.3.12
3 info using node@v5.0.0
4 verbose run-script [ 'predebug', 'debug', 'postdebug' ]
5 info lifecycle catberry-example@0.0.0~predebug: catberry-example@0.0.0
6 silly lifecycle catberry-example@0.0.0~predebug: no script for predebug, continuing
7 info lifecycle catberry-example@0.0.0~debug: catberry-example@0.0.0
8 verbose lifecycle catberry-example@0.0.0~debug: unsafe-perm in lifecycle true
9 verbose lifecycle catberry-example@0.0.0~debug: PATH: /usr/local/lib/node_modules/npm/bin/node-gyp-bin:/home/kuzishkina/Проекты/catberry/node_modules/.bin:/usr/local/sbin:/usr/local/bin:/usr/sbin:/usr/bin:/sbin:/bin:/usr/games:/usr/local/games
10 verbose lifecycle catberry-example@0.0.0~debug: CWD: /home/kuzishkina/Проекты/catberry
11 silly lifecycle catberry-example@0.0.0~debug: Args: [ '-c', 'node ./build.js & node ./server.js' ]
12 silly lifecycle catberry-example@0.0.0~debug: Returned: code: 1  signal: null
13 info lifecycle catberry-example@0.0.0~debug: Failed to exec debug script
14 verbose stack Error: catberry-example@0.0.0 debug: `node ./build.js & node ./server.js`
14 verbose stack Exit status 1
14 verbose stack     at EventEmitter.<anonymous> (/usr/local/lib/node_modules/npm/lib/utils/lifecycle.js:232:16)
14 verbose stack     at emitTwo (events.js:87:13)
14 verbose stack     at EventEmitter.emit (events.js:172:7)
14 verbose stack     at ChildProcess.<anonymous> (/usr/local/lib/node_modules/npm/lib/utils/spawn.js:24:14)
14 verbose stack     at emitTwo (events.js:87:13)
14 verbose stack     at ChildProcess.emit (events.js:172:7)
14 verbose stack     at maybeClose (internal/child_process.js:818:16)
14 verbose stack     at Process.ChildProcess._handle.onexit (internal/child_process.js:211:5)
15 verbose pkgid catberry-example@0.0.0
16 verbose cwd /home/kuzishkina/Проекты/catberry
17 error Linux 3.16.0-38-generic
18 error argv "/usr/local/bin/node" "/usr/local/bin/npm" "run" "debug"
19 error node v5.0.0
20 error npm  v3.3.12
21 error code ELIFECYCLE
22 error catberry-example@0.0.0 debug: `node ./build.js & node ./server.js`
22 error Exit status 1
23 error Failed at the catberry-example@0.0.0 debug script 'node ./build.js & node ./server.js'.
23 error Make sure you have the latest version of node.js and npm installed.
23 error If you do, this is most likely a problem with the catberry-example package,
23 error not with npm itself.
23 error Tell the author that this fails on your system:
23 error     node ./build.js & node ./server.js
23 error You can get their info via:
23 error     npm owner ls catberry-example
23 error There is likely additional logging output above.
24 verbose exit [ 1, true ]
